<?xml version="1.0" encoding="UTF-8"?>
<testng-results skipped="0" failed="0" total="1" passed="1">
  <reporter-output>
  </reporter-output>
  <suite name="Surefire suite" duration-ms="141" started-at="2021-01-15T21:23:13Z" finished-at="2021-01-15T21:23:13Z">
    <groups>
    </groups>
    <test name="Surefire test" duration-ms="141" started-at="2021-01-15T21:23:13Z" finished-at="2021-01-15T21:23:13Z">
      <class name="GlobalKinetic.saucedemo.AppTest">
        <test-method status="PASS" signature="shouldAnswerWithTrue()[pri:0, instance:shouldAnswerWithTrue(GlobalKinetic.saucedemo.AppTest)]" name="shouldAnswerWithTrue" duration-ms="1" started-at="2021-01-15T23:23:13Z" finished-at="2021-01-15T23:23:13Z">
          <reporter-output>
          </reporter-output>
        </test-method> <!-- shouldAnswerWithTrue -->
      </class> <!-- GlobalKinetic.saucedemo.AppTest -->
    </test> <!-- Surefire test -->
  </suite> <!-- Surefire suite -->
</testng-results>
