<?xml version="1.0" encoding="UTF-8"?>
<!-- Generated by org.testng.reporters.JUnitXMLReporter -->
<testsuite ignored="0" hostname="FC45964D016E" failures="0" tests="15" name="Homepage" time="61.116" errors="0" timestamp="2021-01-18T23:47:34 SAST">
  <testcase classname="GlobalKinetic.saucedemo.HomePageTest" name="About" time="37.169"/>
  <testcase classname="GlobalKinetic.saucedemo.HomePageTest" name="AllItems" time="3.351"/>
  <testcase classname="GlobalKinetic.saucedemo.HomePageTest" name="CancelButton" time="2.292"/>
  <testcase classname="GlobalKinetic.saucedemo.HomePageTest" name="CancelOverView" time="2.03"/>
  <testcase classname="GlobalKinetic.saucedemo.HomePageTest" name="Checkout" time="1.66"/>
  <testcase classname="GlobalKinetic.saucedemo.HomePageTest" name="ContinueWithDetails" time="1.413"/>
  <testcase classname="GlobalKinetic.saucedemo.HomePageTest" name="ContinueWitoutDetails" time="1.053"/>
  <testcase classname="GlobalKinetic.saucedemo.HomePageTest" name="FinishOrder" time="2.184"/>
  <testcase classname="GlobalKinetic.saucedemo.HomePageTest" name="RemoveItemsFromCartList" time="1.042"/>
  <testcase classname="GlobalKinetic.saucedemo.HomePageTest" name="continueShopping" time="0.959"/>
  <testcase classname="GlobalKinetic.saucedemo.HomePageTest" name="sortAtoZ" time="0.618"/>
  <testcase classname="GlobalKinetic.saucedemo.HomePageTest" name="sortHighToLow" time="0.694"/>
  <testcase classname="GlobalKinetic.saucedemo.HomePageTest" name="sortLowtoHigh" time="0.669"/>
  <testcase classname="GlobalKinetic.saucedemo.HomePageTest" name="sortZtoA" time="0.701"/>
  <testcase classname="GlobalKinetic.saucedemo.HomePageTest" name="viewCartList" time="0.88"/>
</testsuite> <!-- Homepage -->
