<?xml version="1.0" encoding="UTF-8"?>
<!-- Generated by org.testng.reporters.JUnitXMLReporter -->
<testsuite ignored="0" hostname="FC45964D016E" failures="0" tests="15" name="PerformanceGlitch" time="134.08" errors="0" timestamp="2021-01-18T23:50:59 SAST">
  <testcase classname="GlobalKinetic.saucedemo.HomePageTest3" name="About" time="17.534"/>
  <testcase classname="GlobalKinetic.saucedemo.HomePageTest3" name="AllItems" time="13.464"/>
  <testcase classname="GlobalKinetic.saucedemo.HomePageTest3" name="CancelButton" time="6.39"/>
  <testcase classname="GlobalKinetic.saucedemo.HomePageTest3" name="CancelOverView" time="11.701"/>
  <testcase classname="GlobalKinetic.saucedemo.HomePageTest3" name="Checkout" time="6.393"/>
  <testcase classname="GlobalKinetic.saucedemo.HomePageTest3" name="ContinueWithDetails" time="6.397"/>
  <testcase classname="GlobalKinetic.saucedemo.HomePageTest3" name="ContinueWitoutDetails" time="6.127"/>
  <testcase classname="GlobalKinetic.saucedemo.HomePageTest3" name="FinishOrder" time="6.981"/>
  <testcase classname="GlobalKinetic.saucedemo.HomePageTest3" name="RemoveItemsFromCartList" time="6.604"/>
  <testcase classname="GlobalKinetic.saucedemo.HomePageTest3" name="continueShopping" time="11.207"/>
  <testcase classname="GlobalKinetic.saucedemo.HomePageTest3" name="sortAtoZ" time="5.6"/>
  <testcase classname="GlobalKinetic.saucedemo.HomePageTest3" name="sortHighToLow" time="5.686"/>
  <testcase classname="GlobalKinetic.saucedemo.HomePageTest3" name="sortLowtoHigh" time="5.671"/>
  <testcase classname="GlobalKinetic.saucedemo.HomePageTest3" name="sortZtoA" time="5.665"/>
  <testcase classname="GlobalKinetic.saucedemo.HomePageTest3" name="viewCartList" time="5.979"/>
</testsuite> <!-- PerformanceGlitch -->
