<?xml version="1.0" encoding="UTF-8"?>
<!-- Generated by org.testng.reporters.JUnitXMLReporter -->
<testsuite hostname="FC45964D016E" name="Surefire test" tests="7" failures="0" timestamp="15 Jan 2021 21:23:13 GMT" time="175.795" errors="0">
  <testcase name="CancelButton" time="145.191" classname="GlobalKinetic.saucedemo.HomePageTest"/>
  <testcase name="CancelOverView" time="4.589" classname="GlobalKinetic.saucedemo.HomePageTest"/>
  <testcase name="Checkout" time="3.699" classname="GlobalKinetic.saucedemo.HomePageTest"/>
  <testcase name="ContinueWithDetails" time="1.36" classname="GlobalKinetic.saucedemo.HomePageTest"/>
  <testcase name="ContinueWitoutDetails" time="0.979" classname="GlobalKinetic.saucedemo.HomePageTest"/>
  <testcase name="FinishOrder" time="13.681" classname="GlobalKinetic.saucedemo.HomePageTest"/>
  <testcase name="LockedUser" time="0.424" classname="GlobalKinetic.saucedemo.HomePageTest"/>
</testsuite> <!-- Surefire test -->
