<?xml version="1.0" encoding="UTF-8"?>
<testsuite xmlns:xsi="http://www.w3.org/2001/XMLSchema-instance" xsi:noNamespaceSchemaLocation="https://maven.apache.org/surefire/maven-surefire-plugin/xsd/surefire-test-report-3.0.xsd" version="3.0" name="TestSuite" time="71.906" tests="14" errors="0" skipped="0" failures="0">
  <properties>
[...]
</properties>
  <testcase name="LockedUser" classname="GlobalKinetic.saucedemo.LoginTest" time="5.257">
    <system-out><![CDATA[chrome
chrome
Epic sadface: Sorry, this user has been locked out.
]]></system-out>
    <system-err><![CDATA[Starting ChromeDriver 86.0.4240.22 (398b0S7t4a3r3t5i3nffg3 6fCbh1br8o2m4e6D8rfi6ve3ra 38a69.30b.4e422e8490e-.re2fs2/ br(an3c9h8-bhe0a7d4s3/4325430f@f{3#637f8b}1)b 8o2n4 6p8ofr63ta 34a7963b84e
2Oe8n9el-yr elfosc/ablr acnocnhn-ehcetaidos/n4s2 4a0r@e{ #a3l7l8o}w)e do.n p
oPrlte a2s1e6 7see https7://
cOhnrloym elodcrailv ecr.chromiumo.onrnegc/tsiecounsr iatyr-eco anslilodewreadt.i
onPls eafoser  ssueeg ghetsttipso:n/s/ ocnh rkomeeedpriinvge Cr.hcrhomroemDiriumv.eror gs/asfee.cu
rity-considerations for suggestions on keeping ChromeDriver safe.
ChromeDriver was started successfully.
ChromeDriver was started successfully.
[1610794682.783][WARNING]: This version of ChromeDriver has not been tested with Chrome version 87.
[1610794683.629][WARNING]: This version of ChromeDriver has not been tested with Chrome version 87.
Jan 16, 2021 12:58:04 PM org.openqa.selenium.remote.ProtocolHandshake createSession
INFO: Detected dialect: W3C
Jan 16, 2021 12:58:04 PM org.openqa.selenium.remote.ProtocolHandshake createSession
INFO: Detected dialect: W3C
]]></system-err>
  </testcase>
  <testcase name="CancelButton" classname="GlobalKinetic.saucedemo.HomePageTest" time="45.985">
    <system-out><![CDATA[Your Cart
]]></system-out>
  </testcase>
  <testcase name="CancelOverView" classname="GlobalKinetic.saucedemo.HomePageTest" time="2.013">
    <system-out><![CDATA[Checkout: Overview
]]></system-out>
  </testcase>
  <testcase name="Checkout" classname="GlobalKinetic.saucedemo.HomePageTest" time="1.379">
    <system-out><![CDATA[Checkout: Your Information
]]></system-out>
  </testcase>
  <testcase name="ContinueWithDetails" classname="GlobalKinetic.saucedemo.HomePageTest" time="1.394">
    <system-out><![CDATA[Checkout: Overview
]]></system-out>
  </testcase>
  <testcase name="ContinueWitoutDetails" classname="GlobalKinetic.saucedemo.HomePageTest" time="1.077"/>
  <testcase name="FinishOrder" classname="GlobalKinetic.saucedemo.HomePageTest" time="2.607">
    <system-out><![CDATA[Checkout: Overview
]]></system-out>
  </testcase>
  <testcase name="RemoveItemsFromCartList" classname="GlobalKinetic.saucedemo.HomePageTest" time="1.068">
    <system-out><![CDATA[true
]]></system-out>
  </testcase>
  <testcase name="continueShopping" classname="GlobalKinetic.saucedemo.HomePageTest" time="1.086">
    <system-out><![CDATA[Products
]]></system-out>
  </testcase>
  <testcase name="sortAtoZ" classname="GlobalKinetic.saucedemo.HomePageTest" time="0.993">
    <system-out><![CDATA[Name (A to Z)
Sauce Labs Backpack
]]></system-out>
  </testcase>
  <testcase name="sortHighToLow" classname="GlobalKinetic.saucedemo.HomePageTest" time="0.687">
    <system-out><![CDATA[Price (high to low)
$49.99
]]></system-out>
  </testcase>
  <testcase name="sortLowtoHigh" classname="GlobalKinetic.saucedemo.HomePageTest" time="0.768">
    <system-out><![CDATA[Price (low to high)
$7.99
]]></system-out>
  </testcase>
  <testcase name="sortZtoA" classname="GlobalKinetic.saucedemo.HomePageTest" time="0.631">
    <system-out><![CDATA[Name (Z to A)
Test.allTheThings() T-Shirt (Red)
]]></system-out>
  </testcase>
  <testcase name="viewCartList" classname="GlobalKinetic.saucedemo.HomePageTest" time="1.262">
    <system-out><![CDATA[4]]></system-out>
  </testcase>
</testsuite>