<?xml version="1.0" encoding="UTF-8"?>
<testng-results skipped="0" failed="0" total="14" passed="14">
  <reporter-output>
  </reporter-output>
  <suite name="Suite" duration-ms="67275" started-at="2021-01-16T10:58:00Z" finished-at="2021-01-16T10:59:07Z">
    <groups>
    </groups>
    <test name="Login" duration-ms="15755" started-at="2021-01-16T10:58:00Z" finished-at="2021-01-16T10:58:15Z">
      <class name="GlobalKinetic.saucedemo.LoginTest">
        <test-method status="PASS" signature="getUrl()[pri:0, instance:GlobalKinetic.saucedemo.LoginTest@1e29ed9]" name="getUrl" is-config="true" duration-ms="6120" started-at="2021-01-16T12:58:00Z" finished-at="2021-01-16T12:58:06Z">
          <reporter-output>
          </reporter-output>
        </test-method> <!-- getUrl -->
        <test-method status="PASS" signature="LockedUser()[pri:0, instance:GlobalKinetic.saucedemo.LoginTest@1e29ed9]" name="LockedUser" duration-ms="5251" started-at="2021-01-16T12:58:06Z" finished-at="2021-01-16T12:58:11Z">
          <reporter-output>
          </reporter-output>
        </test-method> <!-- LockedUser -->
        <test-method status="PASS" signature="closeTest()[pri:0, instance:GlobalKinetic.saucedemo.LoginTest@1e29ed9]" name="closeTest" is-config="true" duration-ms="4373" started-at="2021-01-16T12:58:11Z" finished-at="2021-01-16T12:58:15Z">
          <reporter-output>
          </reporter-output>
        </test-method> <!-- closeTest -->
      </class> <!-- GlobalKinetic.saucedemo.LoginTest -->
    </test> <!-- Login -->
    <test name="Homepage" duration-ms="67275" started-at="2021-01-16T10:58:00Z" finished-at="2021-01-16T10:59:07Z">
      <class name="GlobalKinetic.saucedemo.HomePageTest">
        <test-method status="PASS" signature="getUrl()[pri:0, instance:GlobalKinetic.saucedemo.HomePageTest@1bc72d1]" name="getUrl" is-config="true" duration-ms="5331" started-at="2021-01-16T12:58:00Z" finished-at="2021-01-16T12:58:05Z">
          <reporter-output>
          </reporter-output>
        </test-method> <!-- getUrl -->
        <test-method status="PASS" signature="CancelButton()[pri:0, instance:GlobalKinetic.saucedemo.HomePageTest@1bc72d1]" name="CancelButton" duration-ms="46763" started-at="2021-01-16T12:58:05Z" finished-at="2021-01-16T12:58:52Z">
          <reporter-output>
          </reporter-output>
        </test-method> <!-- CancelButton -->
        <test-method status="PASS" signature="CancelOverView()[pri:0, instance:GlobalKinetic.saucedemo.HomePageTest@1bc72d1]" name="CancelOverView" duration-ms="2016" started-at="2021-01-16T12:58:52Z" finished-at="2021-01-16T12:58:54Z">
          <reporter-output>
          </reporter-output>
        </test-method> <!-- CancelOverView -->
        <test-method status="PASS" signature="Checkout()[pri:0, instance:GlobalKinetic.saucedemo.HomePageTest@1bc72d1]" name="Checkout" duration-ms="1378" started-at="2021-01-16T12:58:54Z" finished-at="2021-01-16T12:58:55Z">
          <reporter-output>
          </reporter-output>
        </test-method> <!-- Checkout -->
        <test-method status="PASS" signature="ContinueWithDetails()[pri:0, instance:GlobalKinetic.saucedemo.HomePageTest@1bc72d1]" name="ContinueWithDetails" duration-ms="1395" started-at="2021-01-16T12:58:55Z" finished-at="2021-01-16T12:58:57Z">
          <reporter-output>
          </reporter-output>
        </test-method> <!-- ContinueWithDetails -->
        <test-method status="PASS" signature="ContinueWitoutDetails()[pri:0, instance:GlobalKinetic.saucedemo.HomePageTest@1bc72d1]" name="ContinueWitoutDetails" duration-ms="1078" started-at="2021-01-16T12:58:57Z" finished-at="2021-01-16T12:58:58Z">
          <reporter-output>
          </reporter-output>
        </test-method> <!-- ContinueWitoutDetails -->
        <test-method status="PASS" signature="FinishOrder()[pri:0, instance:GlobalKinetic.saucedemo.HomePageTest@1bc72d1]" name="FinishOrder" duration-ms="2605" started-at="2021-01-16T12:58:58Z" finished-at="2021-01-16T12:59:00Z">
          <reporter-output>
          </reporter-output>
        </test-method> <!-- FinishOrder -->
        <test-method status="PASS" signature="RemoveItemsFromCartList()[pri:0, instance:GlobalKinetic.saucedemo.HomePageTest@1bc72d1]" name="RemoveItemsFromCartList" duration-ms="1069" started-at="2021-01-16T12:59:00Z" finished-at="2021-01-16T12:59:01Z">
          <reporter-output>
          </reporter-output>
        </test-method> <!-- RemoveItemsFromCartList -->
        <test-method status="PASS" signature="continueShopping()[pri:0, instance:GlobalKinetic.saucedemo.HomePageTest@1bc72d1]" name="continueShopping" duration-ms="1086" started-at="2021-01-16T12:59:01Z" finished-at="2021-01-16T12:59:02Z">
          <reporter-output>
          </reporter-output>
        </test-method> <!-- continueShopping -->
        <test-method status="PASS" signature="sortAtoZ()[pri:0, instance:GlobalKinetic.saucedemo.HomePageTest@1bc72d1]" name="sortAtoZ" duration-ms="990" started-at="2021-01-16T12:59:02Z" finished-at="2021-01-16T12:59:03Z">
          <reporter-output>
          </reporter-output>
        </test-method> <!-- sortAtoZ -->
        <test-method status="PASS" signature="sortHighToLow()[pri:0, instance:GlobalKinetic.saucedemo.HomePageTest@1bc72d1]" name="sortHighToLow" duration-ms="689" started-at="2021-01-16T12:59:03Z" finished-at="2021-01-16T12:59:04Z">
          <reporter-output>
          </reporter-output>
        </test-method> <!-- sortHighToLow -->
        <test-method status="PASS" signature="sortLowtoHigh()[pri:0, instance:GlobalKinetic.saucedemo.HomePageTest@1bc72d1]" name="sortLowtoHigh" duration-ms="767" started-at="2021-01-16T12:59:04Z" finished-at="2021-01-16T12:59:05Z">
          <reporter-output>
          </reporter-output>
        </test-method> <!-- sortLowtoHigh -->
        <test-method status="PASS" signature="sortZtoA()[pri:0, instance:GlobalKinetic.saucedemo.HomePageTest@1bc72d1]" name="sortZtoA" duration-ms="629" started-at="2021-01-16T12:59:05Z" finished-at="2021-01-16T12:59:06Z">
          <reporter-output>
          </reporter-output>
        </test-method> <!-- sortZtoA -->
        <test-method status="PASS" signature="viewCartList()[pri:0, instance:GlobalKinetic.saucedemo.HomePageTest@1bc72d1]" name="viewCartList" duration-ms="1264" started-at="2021-01-16T12:59:06Z" finished-at="2021-01-16T12:59:07Z">
          <reporter-output>
          </reporter-output>
        </test-method> <!-- viewCartList -->
        <test-method status="PASS" signature="closeTest()[pri:0, instance:GlobalKinetic.saucedemo.HomePageTest@1bc72d1]" name="closeTest" is-config="true" duration-ms="194" started-at="2021-01-16T12:59:07Z" finished-at="2021-01-16T12:59:07Z">
          <reporter-output>
          </reporter-output>
        </test-method> <!-- closeTest -->
      </class> <!-- GlobalKinetic.saucedemo.HomePageTest -->
    </test> <!-- Homepage -->
  </suite> <!-- Suite -->
</testng-results>
